<?xml version="1.0" encoding="utf-8"?><testsuites name="pytest tests"><testsuite name="pytest" errors="0" failures="0" skipped="0" tests="10" time="2.775" timestamp="2026-05-17T14:26:42.247433+00:00" hostname="agent-env-6c38cc57-a2f5-43d4-88bc-b9f9da7b4d0e"><testcase classname="backend.tests.test_direct_chat_apis.TestAuth" name="test_login_maria" time="0.398" /><testcase classname="backend.tests.test_direct_chat_apis.TestAuth" name="test_login_carlos" time="0.367" /><testcase classname="backend.tests.test_direct_chat_apis.TestAuth" name="test_login_invalid" time="0.332" /><testcase classname="backend.tests.test_direct_chat_apis.TestUsers" name="test_get_other_user" time="0.442" /><testcase classname="backend.tests.test_direct_chat_apis.TestCanChat" name="test_can_chat_response" time="0.301" /><testcase classname="backend.tests.test_direct_chat_apis.TestConversations" name="test_get_conversations" time="0.108" /><testcase classname="backend.tests.test_direct_chat_apis.TestPosts" name="test_get_posts" time="0.170" /><testcase classname="backend.tests.test_direct_chat_apis.TestMessages" name="test_get_messages" time="0.109" /><testcase classname="backend.tests.test_direct_chat_apis.TestMessages" name="test_send_message_persists" time="0.319" /><testcase classname="backend.tests.test_direct_chat_apis.TestMessages" name="test_conversation_appears_after_send" time="0.139" /></testsuite></testsuites>