<?xml version="1.0" encoding="utf-8"?><testsuites name="pytest tests"><testsuite name="pytest" errors="0" failures="0" skipped="0" tests="10" time="3.115" timestamp="2026-05-17T14:56:29.001229+00:00" hostname="agent-env-6c38cc57-a2f5-43d4-88bc-b9f9da7b4d0e"><testcase classname="backend.tests.test_subscription_pix.TestSubscriptionStatus" name="test_status_endpoint_responds" time="0.957" /><testcase classname="backend.tests.test_subscription_pix.TestSubscriptionStatus" name="test_status_unauth" time="0.095" /><testcase classname="backend.tests.test_subscription_pix.TestSubscriptionStart" name="test_start_creates_or_returns_sub" time="0.434" /><testcase classname="backend.tests.test_subscription_pix.TestSubscriptionStart" name="test_status_after_start_in_trial" time="0.105" /><testcase classname="backend.tests.test_subscription_pix.TestSubscriptionStart" name="test_start_idempotent" time="0.216" /><testcase classname="backend.tests.test_subscription_pix.TestSubscriptionConfirm" name="test_confirm_marks_pending" time="0.312" /><testcase classname="backend.tests.test_subscription_pix.TestSubscriptionConfirm" name="test_confirm_no_subscription" time="0.573" /><testcase classname="backend.tests.test_subscription_pix.TestAdminEndpointsAuth" name="test_list_subs_forbidden_for_normal" time="0.107" /><testcase classname="backend.tests.test_subscription_pix.TestAdminEndpointsAuth" name="test_activate_forbidden_for_normal" time="0.109" /><testcase classname="backend.tests.test_subscription_pix.TestAdminEndpointsAuth" name="test_list_subs_unauth" time="0.113" /></testsuite></testsuites>